2024-05-24 01:19:18,233 INFO using config C:\Users\42253\AppData\Roaming\twarc\config
2024-05-24 01:19:18,236 INFO creating config file: C:\Users\42253\AppData\Roaming\twarc\config
2024-05-24 01:19:18,236 INFO creating config directory: C:\Users\42253\AppData\Roaming\twarc
2024-05-24 01:19:45,837 INFO using config C:\Users\42253\AppData\Roaming\twarc\config
2024-05-24 01:19:45,837 INFO creating config file: C:\Users\42253\AppData\Roaming\twarc\config
2024-05-24 01:22:25,011 INFO using config C:\Users\42253\AppData\Roaming\twarc\config
2024-05-24 01:22:25,011 INFO creating HTTP session headers for app auth.
2024-05-24 01:23:06,865 INFO using config C:\Users\42253\AppData\Roaming\twarc\config
2024-05-24 01:23:06,865 INFO creating HTTP session headers for app auth.
2024-05-24 01:23:06,909 INFO getting ('https://api.twitter.com/2/tweets/search/all',) {'params': {'expansions': 'author_id,in_reply_to_user_id,referenced_tweets.id,referenced_tweets.id.author_id,entities.mentions.username,attachments.poll_ids,attachments.media_keys,geo.place_id,edit_history_tweet_ids', 'tweet.fields': 'attachments,author_id,context_annotations,conversation_id,created_at,entities,geo,id,in_reply_to_user_id,lang,public_metrics,text,possibly_sensitive,referenced_tweets,reply_settings,source,withheld,edit_controls,edit_history_tweet_ids', 'user.fields': 'created_at,description,entities,id,location,name,pinned_tweet_id,profile_image_url,protected,public_metrics,url,username,verified,verified_type,withheld', 'media.fields': 'alt_text,duration_ms,height,media_key,preview_image_url,type,url,width,variants,public_metrics', 'poll.fields': 'duration_minutes,end_datetime,id,options,voting_status', 'place.fields': 'contained_within,country,country_code,full_name,geo,id,name,place_type', 'start_time': '2024-02-01T00:00:00+00:00', 'end_time': '2024-02-29T23:59:59+00:00', 'query': '"US Presidential Election 2024"', 'max_results': 100}}
2024-05-24 01:23:07,891 ERROR Unexpected HTTP response: <Response [403]>
2024-05-24 01:23:45,144 INFO using config C:\Users\42253\AppData\Roaming\twarc\config
2024-05-24 01:23:45,145 INFO creating HTTP session headers for app auth.
2024-05-24 01:23:45,152 INFO getting ('https://api.twitter.com/2/tweets/search/all',) {'params': {'expansions': 'author_id,in_reply_to_user_id,referenced_tweets.id,referenced_tweets.id.author_id,entities.mentions.username,attachments.poll_ids,attachments.media_keys,geo.place_id,edit_history_tweet_ids', 'tweet.fields': 'attachments,author_id,context_annotations,conversation_id,created_at,entities,geo,id,in_reply_to_user_id,lang,public_metrics,text,possibly_sensitive,referenced_tweets,reply_settings,source,withheld,edit_controls,edit_history_tweet_ids', 'user.fields': 'created_at,description,entities,id,location,name,pinned_tweet_id,profile_image_url,protected,public_metrics,url,username,verified,verified_type,withheld', 'media.fields': 'alt_text,duration_ms,height,media_key,preview_image_url,type,url,width,variants,public_metrics', 'poll.fields': 'duration_minutes,end_datetime,id,options,voting_status', 'place.fields': 'contained_within,country,country_code,full_name,geo,id,name,place_type', 'start_time': '2006-03-21T00:00:00+00:00', 'end_time': None, 'query': '"US Presidential Election 2024"', 'max_results': 100}}
2024-05-24 01:23:46,101 ERROR Unexpected HTTP response: <Response [403]>
2024-05-24 01:24:58,944 INFO using config C:\Users\42253\AppData\Roaming\twarc\config
2024-05-24 01:24:58,944 INFO creating HTTP session headers for app auth.
2024-05-24 01:26:08,091 INFO using config C:\Users\42253\AppData\Roaming\twarc\config
2024-05-24 01:26:08,092 INFO creating HTTP session headers for app auth.
2024-05-24 01:26:08,092 INFO creating config file: C:\Users\42253\AppData\Roaming\twarc\config
2024-05-24 01:26:36,040 INFO using config C:\Users\42253\AppData\Roaming\twarc\config
2024-05-24 01:26:36,040 INFO creating HTTP session headers for app auth.
2024-05-24 01:26:36,052 INFO getting ('https://api.twitter.com/2/tweets/search/recent',) {'params': {'expansions': 'author_id,in_reply_to_user_id,referenced_tweets.id,referenced_tweets.id.author_id,entities.mentions.username,attachments.poll_ids,attachments.media_keys,geo.place_id,edit_history_tweet_ids', 'tweet.fields': 'attachments,author_id,context_annotations,conversation_id,created_at,entities,geo,id,in_reply_to_user_id,lang,public_metrics,text,possibly_sensitive,referenced_tweets,reply_settings,source,withheld,edit_controls,edit_history_tweet_ids', 'user.fields': 'created_at,description,entities,id,location,name,pinned_tweet_id,profile_image_url,protected,public_metrics,url,username,verified,verified_type,withheld', 'media.fields': 'alt_text,duration_ms,height,media_key,preview_image_url,type,url,width,variants,public_metrics', 'poll.fields': 'duration_minutes,end_datetime,id,options,voting_status', 'place.fields': 'contained_within,country,country_code,full_name,geo,id,name,place_type', 'start_time': '2024-02-01T00:00:00+00:00', 'end_time': '2024-02-29T23:59:59+00:00', 'query': 'US Presidential Election 2024', 'max_results': 100}}
2024-05-24 01:26:36,914 ERROR Unexpected HTTP response: <Response [403]>
2024-05-24 01:27:48,881 INFO using config C:\Users\42253\AppData\Roaming\twarc\config
2024-05-24 01:27:48,882 INFO creating HTTP session headers for app auth.
2024-05-24 01:27:48,891 INFO getting ('https://api.twitter.com/2/tweets/search/recent',) {'params': {'expansions': 'author_id,in_reply_to_user_id,referenced_tweets.id,referenced_tweets.id.author_id,entities.mentions.username,attachments.poll_ids,attachments.media_keys,geo.place_id,edit_history_tweet_ids', 'tweet.fields': 'attachments,author_id,context_annotations,conversation_id,created_at,entities,geo,id,in_reply_to_user_id,lang,public_metrics,text,possibly_sensitive,referenced_tweets,reply_settings,source,withheld,edit_controls,edit_history_tweet_ids', 'user.fields': 'created_at,description,entities,id,location,name,pinned_tweet_id,profile_image_url,protected,public_metrics,url,username,verified,verified_type,withheld', 'media.fields': 'alt_text,duration_ms,height,media_key,preview_image_url,type,url,width,variants,public_metrics', 'poll.fields': 'duration_minutes,end_datetime,id,options,voting_status', 'place.fields': 'contained_within,country,country_code,full_name,geo,id,name,place_type', 'start_time': None, 'end_time': None, 'query': 'blacklivesmatter', 'max_results': 100}}
2024-05-24 01:27:49,774 ERROR Unexpected HTTP response: <Response [403]>
2024-05-24 01:28:06,673 INFO using config C:\Users\42253\AppData\Roaming\twarc\config
2024-05-24 01:28:06,674 INFO creating HTTP session headers for app auth.
2024-05-24 01:28:06,674 INFO creating config file: C:\Users\42253\AppData\Roaming\twarc\config
2024-05-24 01:31:02,554 INFO using config C:\Users\42253\AppData\Roaming\twarc\config
2024-05-24 01:31:02,555 INFO creating HTTP session headers for app auth.
2024-05-24 01:31:14,606 INFO using config C:\Users\42253\AppData\Roaming\twarc\config
2024-05-24 01:31:14,607 INFO creating HTTP session headers for app auth.
2024-05-24 01:31:14,616 INFO getting ('https://api.twitter.com/2/tweets/search/all',) {'params': {'expansions': 'author_id,in_reply_to_user_id,referenced_tweets.id,referenced_tweets.id.author_id,entities.mentions.username,attachments.poll_ids,attachments.media_keys,geo.place_id,edit_history_tweet_ids', 'tweet.fields': 'attachments,author_id,context_annotations,conversation_id,created_at,entities,geo,id,in_reply_to_user_id,lang,public_metrics,text,possibly_sensitive,referenced_tweets,reply_settings,source,withheld,edit_controls,edit_history_tweet_ids', 'user.fields': 'created_at,description,entities,id,location,name,pinned_tweet_id,profile_image_url,protected,public_metrics,url,username,verified,verified_type,withheld', 'media.fields': 'alt_text,duration_ms,height,media_key,preview_image_url,type,url,width,variants,public_metrics', 'poll.fields': 'duration_minutes,end_datetime,id,options,voting_status', 'place.fields': 'contained_within,country,country_code,full_name,geo,id,name,place_type', 'start_time': '2024-02-01T00:00:00+00:00', 'end_time': '2024-02-29T23:59:59+00:00', 'query': 'US Presidential Election 2024', 'max_results': 100}}
2024-05-24 01:31:15,584 ERROR Unexpected HTTP response: <Response [403]>
2024-05-24 01:31:42,022 INFO using config C:\Users\42253\AppData\Roaming\twarc\config
2024-05-24 01:31:42,022 INFO creating HTTP session headers for app auth.
2024-05-24 01:31:42,031 INFO getting ('https://api.twitter.com/2/tweets/search/recent',) {'params': {'expansions': 'author_id,in_reply_to_user_id,referenced_tweets.id,referenced_tweets.id.author_id,entities.mentions.username,attachments.poll_ids,attachments.media_keys,geo.place_id,edit_history_tweet_ids', 'tweet.fields': 'attachments,author_id,context_annotations,conversation_id,created_at,entities,geo,id,in_reply_to_user_id,lang,public_metrics,text,possibly_sensitive,referenced_tweets,reply_settings,source,withheld,edit_controls,edit_history_tweet_ids', 'user.fields': 'created_at,description,entities,id,location,name,pinned_tweet_id,profile_image_url,protected,public_metrics,url,username,verified,verified_type,withheld', 'media.fields': 'alt_text,duration_ms,height,media_key,preview_image_url,type,url,width,variants,public_metrics', 'poll.fields': 'duration_minutes,end_datetime,id,options,voting_status', 'place.fields': 'contained_within,country,country_code,full_name,geo,id,name,place_type', 'start_time': None, 'end_time': None, 'query': 'blacklivesmatter', 'max_results': 100}}
2024-05-24 01:31:42,954 ERROR Unexpected HTTP response: <Response [403]>
2024-05-25 01:14:34,169 INFO using config C:\Users\42253\AppData\Roaming\twarc\config
2024-05-25 01:14:34,169 INFO creating HTTP session headers for app auth.
2024-05-25 01:14:34,170 INFO creating config file: C:\Users\42253\AppData\Roaming\twarc\config
